<?xml version="1.0" encoding="UTF-8" ?>
<testsuite tests="15" failures="1" name="pos.services.OrderItemServiceTest" time="0.674" errors="0" skipped="0">
  <properties>
    <property name="idea.version" value="2022.1.4"/>
    <property name="java.runtime.name" value="Java(TM) SE Runtime Environment"/>
    <property name="sun.boot.library.path" value="/Library/Java/JavaVirtualMachines/jdk1.8.0_341.jdk/Contents/Home/jre/lib"/>
    <property name="java.vm.version" value="25.341-b10"/>
    <property name="gopherProxySet" value="false"/>
    <property name="java.vm.vendor" value="Oracle Corporation"/>
    <property name="maven.multiModuleProjectDirectory" value="/Users/rahulverma/Downloads/git/POS"/>
    <property name="java.vendor.url" value="http://java.oracle.com/"/>
    <property name="path.separator" value=":"/>
    <property name="guice.disable.misplaced.annotation.check" value="true"/>
    <property name="java.vm.name" value="Java HotSpot(TM) 64-Bit Server VM"/>
    <property name="file.encoding.pkg" value="sun.io"/>
    <property name="user.country" value="IN"/>
    <property name="sun.java.launcher" value="SUN_STANDARD"/>
    <property name="sun.os.patch.level" value="unknown"/>
    <property name="java.vm.specification.name" value="Java Virtual Machine Specification"/>
    <property name="user.dir" value="/Users/rahulverma/Downloads/git/POS"/>
    <property name="java.runtime.version" value="1.8.0_341-b10"/>
    <property name="java.awt.graphicsenv" value="sun.awt.CGraphicsEnvironment"/>
    <property name="java.endorsed.dirs" value="/Library/Java/JavaVirtualMachines/jdk1.8.0_341.jdk/Contents/Home/jre/lib/endorsed"/>
    <property name="os.arch" value="x86_64"/>
    <property name="java.io.tmpdir" value="/var/folders/_p/kyk13t9j71qbrgljkkp6k8q40000gp/T/"/>
    <property name="line.separator" value="
"/>
    <property name="java.vm.specification.vendor" value="Oracle Corporation"/>
    <property name="os.name" value="Mac OS X"/>
    <property name="maven.ext.class.path" value="/Applications/IntelliJ IDEA CE.app/Contents/plugins/maven/lib/maven-event-listener.jar"/>
    <property name="classworlds.conf" value="/Applications/IntelliJ IDEA CE.app/Contents/plugins/maven/lib/maven3/bin/m2.conf"/>
    <property name="sun.jnu.encoding" value="UTF-8"/>
    <property name="java.library.path" value="/Users/rahulverma/Library/Java/Extensions:/Library/Java/Extensions:/Network/Library/Java/Extensions:/System/Library/Java/Extensions:/usr/lib/java:."/>
    <property name="maven.conf" value="/Applications/IntelliJ IDEA CE.app/Contents/plugins/maven/lib/maven3/conf"/>
    <property name="java.specification.name" value="Java Platform API Specification"/>
    <property name="java.class.version" value="52.0"/>
    <property name="sun.management.compiler" value="HotSpot 64-Bit Tiered Compilers"/>
    <property name="os.version" value="12.4"/>
    <property name="http.nonProxyHosts" value="local|*.local|169.254/16|*.169.254/16"/>
    <property name="user.home" value="/Users/rahulverma"/>
    <property name="user.timezone" value="Asia/Kolkata"/>
    <property name="java.awt.printerjob" value="sun.lwawt.macosx.CPrinterJob"/>
    <property name="java.specification.version" value="1.8"/>
    <property name="file.encoding" value="UTF-8"/>
    <property name="user.name" value="rahulverma"/>
    <property name="java.class.path" value="/Applications/IntelliJ IDEA CE.app/Contents/plugins/maven/lib/maven3/boot/plexus-classworlds.license:/Applications/IntelliJ IDEA CE.app/Contents/plugins/maven/lib/maven3/boot/plexus-classworlds-2.6.0.jar:/Applications/IntelliJ IDEA CE.app/Contents/lib/idea_rt.jar"/>
    <property name="java.vm.specification.version" value="1.8"/>
    <property name="sun.arch.data.model" value="64"/>
    <property name="java.home" value="/Library/Java/JavaVirtualMachines/jdk1.8.0_341.jdk/Contents/Home/jre"/>
    <property name="sun.java.command" value="org.codehaus.classworlds.Launcher -Didea.version=2022.1.4 clean install jetty:run"/>
    <property name="java.specification.vendor" value="Oracle Corporation"/>
    <property name="user.language" value="en"/>
    <property name="awt.toolkit" value="sun.lwawt.macosx.LWCToolkit"/>
    <property name="java.vm.info" value="mixed mode"/>
    <property name="java.version" value="1.8.0_341"/>
    <property name="java.ext.dirs" value="/Users/rahulverma/Library/Java/Extensions:/Library/Java/JavaVirtualMachines/jdk1.8.0_341.jdk/Contents/Home/jre/lib/ext:/Library/Java/Extensions:/Network/Library/Java/Extensions:/System/Library/Java/Extensions:/usr/lib/java"/>
    <property name="sun.boot.class.path" value="/Library/Java/JavaVirtualMachines/jdk1.8.0_341.jdk/Contents/Home/jre/lib/resources.jar:/Library/Java/JavaVirtualMachines/jdk1.8.0_341.jdk/Contents/Home/jre/lib/rt.jar:/Library/Java/JavaVirtualMachines/jdk1.8.0_341.jdk/Contents/Home/jre/lib/jsse.jar:/Library/Java/JavaVirtualMachines/jdk1.8.0_341.jdk/Contents/Home/jre/lib/jce.jar:/Library/Java/JavaVirtualMachines/jdk1.8.0_341.jdk/Contents/Home/jre/lib/charsets.jar:/Library/Java/JavaVirtualMachines/jdk1.8.0_341.jdk/Contents/Home/jre/lib/jfr.jar:/Library/Java/JavaVirtualMachines/jdk1.8.0_341.jdk/Contents/Home/jre/classes"/>
    <property name="java.vendor" value="Oracle Corporation"/>
    <property name="maven.home" value="/Applications/IntelliJ IDEA CE.app/Contents/plugins/maven/lib/maven3"/>
    <property name="file.separator" value="/"/>
    <property name="java.vendor.url.bug" value="http://bugreport.sun.com/bugreport/"/>
    <property name="sun.cpu.endian" value="little"/>
    <property name="sun.io.unicode.encoding" value="UnicodeBig"/>
    <property name="socksNonProxyHosts" value="local|*.local|169.254/16|*.169.254/16"/>
    <property name="ftp.nonProxyHosts" value="local|*.local|169.254/16|*.169.254/16"/>
    <property name="sun.cpu.isalist" value=""/>
  </properties>
  <testcase classname="pos.services.OrderItemServiceTest" name="delete" time="0.09"/>
  <testcase classname="pos.services.OrderItemServiceTest" name="getAll" time="0.025"/>
  <testcase classname="pos.services.OrderItemServiceTest" name="deleteError" time="0.067"/>
  <testcase classname="pos.services.OrderItemServiceTest" name="addInventoryNotExistError" time="0.055"/>
  <testcase classname="pos.services.OrderItemServiceTest" name="checkOrderItemWithProductId" time="0.011"/>
  <testcase classname="pos.services.OrderItemServiceTest" name="update" time="0.086"/>
  <testcase classname="pos.services.OrderItemServiceTest" name="updateQtyError" time="0.067"/>
  <testcase classname="pos.services.OrderItemServiceTest" name="get" time="0.026">
    <failure message="expected:&lt;Optional[37]&gt; but was:&lt;37&gt;" type="java.lang.AssertionError">java.lang.AssertionError: expected:&lt;Optional[37]&gt; but was:&lt;37&gt;
	at org.junit.Assert.fail(Assert.java:88)
	at org.junit.Assert.failNotEquals(Assert.java:834)
	at org.junit.Assert.assertEquals(Assert.java:118)
	at org.junit.Assert.assertEquals(Assert.java:144)
	at pos.services.OrderItemServiceTest.get(OrderItemServiceTest.java:63)
	at sun.reflect.NativeMethodAccessorImpl.invoke0(Native Method)
	at sun.reflect.NativeMethodAccessorImpl.invoke(NativeMethodAccessorImpl.java:62)
	at sun.reflect.DelegatingMethodAccessorImpl.invoke(DelegatingMethodAccessorImpl.java:43)
	at java.lang.reflect.Method.invoke(Method.java:498)
	at org.junit.runners.model.FrameworkMethod$1.runReflectiveCall(FrameworkMethod.java:50)
	at org.junit.internal.runners.model.ReflectiveCallable.run(ReflectiveCallable.java:12)
	at org.junit.runners.model.FrameworkMethod.invokeExplosively(FrameworkMethod.java:47)
	at org.junit.internal.runners.statements.InvokeMethod.evaluate(InvokeMethod.java:17)
	at org.springframework.test.context.junit4.statements.RunBeforeTestMethodCallbacks.evaluate(RunBeforeTestMethodCallbacks.java:75)
	at org.springframework.test.context.junit4.statements.RunAfterTestMethodCallbacks.evaluate(RunAfterTestMethodCallbacks.java:86)
	at org.springframework.test.context.junit4.statements.SpringRepeat.evaluate(SpringRepeat.java:84)
	at org.junit.runners.ParentRunner.runLeaf(ParentRunner.java:325)
	at org.springframework.test.context.junit4.SpringJUnit4ClassRunner.runChild(SpringJUnit4ClassRunner.java:252)
	at org.springframework.test.context.junit4.SpringJUnit4ClassRunner.runChild(SpringJUnit4ClassRunner.java:94)
	at org.junit.runners.ParentRunner$3.run(ParentRunner.java:290)
	at org.junit.runners.ParentRunner$1.schedule(ParentRunner.java:71)
	at org.junit.runners.ParentRunner.runChildren(ParentRunner.java:288)
	at org.junit.runners.ParentRunner.access$000(ParentRunner.java:58)
	at org.junit.runners.ParentRunner$2.evaluate(ParentRunner.java:268)
	at org.springframework.test.context.junit4.statements.RunBeforeTestClassCallbacks.evaluate(RunBeforeTestClassCallbacks.java:61)
	at org.springframework.test.context.junit4.statements.RunAfterTestClassCallbacks.evaluate(RunAfterTestClassCallbacks.java:70)
	at org.junit.runners.ParentRunner.run(ParentRunner.java:363)
	at org.springframework.test.context.junit4.SpringJUnit4ClassRunner.run(SpringJUnit4ClassRunner.java:191)
	at org.apache.maven.surefire.junit4.JUnit4Provider.execute(JUnit4Provider.java:252)
	at org.apache.maven.surefire.junit4.JUnit4Provider.executeTestSet(JUnit4Provider.java:141)
	at org.apache.maven.surefire.junit4.JUnit4Provider.invoke(JUnit4Provider.java:112)
	at sun.reflect.NativeMethodAccessorImpl.invoke0(Native Method)
	at sun.reflect.NativeMethodAccessorImpl.invoke(NativeMethodAccessorImpl.java:62)
	at sun.reflect.DelegatingMethodAccessorImpl.invoke(DelegatingMethodAccessorImpl.java:43)
	at java.lang.reflect.Method.invoke(Method.java:498)
	at org.apache.maven.surefire.util.ReflectionUtils.invokeMethodWithArray(ReflectionUtils.java:189)
	at org.apache.maven.surefire.booter.ProviderFactory$ProviderProxy.invoke(ProviderFactory.java:165)
	at org.apache.maven.surefire.booter.ProviderFactory.invokeProvider(ProviderFactory.java:85)
	at org.apache.maven.surefire.booter.ForkedBooter.runSuitesInProcess(ForkedBooter.java:115)
	at org.apache.maven.surefire.booter.ForkedBooter.main(ForkedBooter.java:75)
</failure>
    <system-out>11:51:44.327 [main] DEBUG org.hibernate.engine.transaction.internal.TransactionImpl - On TransactionImpl creation, JpaCompliance#isJpaTransactionComplianceEnabled == false
11:51:44.328 [main] DEBUG org.hibernate.engine.transaction.internal.TransactionImpl - begin
11:51:44.329 [main] DEBUG org.hibernate.engine.spi.ActionQueue - Executing identity-insert immediately
11:51:44.330 [main] DEBUG org.hibernate.SQL - insert into pos_order_item_pojo (id, orderId, productId, quantity, sellingPrice) values (null, ?, ?, ?, ?)
11:51:44.332 [main] DEBUG org.hibernate.id.IdentifierGeneratorHelper - Natively generated identity: 33
11:51:44.332 [main] DEBUG org.hibernate.resource.jdbc.internal.ResourceRegistryStandardImpl - HHH000387: ResultSet&apos;s statement was not registered
11:51:44.332 [main] DEBUG org.hibernate.engine.spi.ActionQueue - Executing identity-insert immediately
11:51:44.332 [main] DEBUG org.hibernate.SQL - insert into pos_order_item_pojo (id, orderId, productId, quantity, sellingPrice) values (null, ?, ?, ?, ?)
11:51:44.334 [main] DEBUG org.hibernate.id.IdentifierGeneratorHelper - Natively generated identity: 34
11:51:44.334 [main] DEBUG org.hibernate.resource.jdbc.internal.ResourceRegistryStandardImpl - HHH000387: ResultSet&apos;s statement was not registered
11:51:44.334 [main] DEBUG org.hibernate.engine.spi.ActionQueue - Executing identity-insert immediately
11:51:44.334 [main] DEBUG org.hibernate.SQL - insert into pos_order_item_pojo (id, orderId, productId, quantity, sellingPrice) values (null, ?, ?, ?, ?)
11:51:44.337 [main] DEBUG org.hibernate.id.IdentifierGeneratorHelper - Natively generated identity: 35
11:51:44.337 [main] DEBUG org.hibernate.resource.jdbc.internal.ResourceRegistryStandardImpl - HHH000387: ResultSet&apos;s statement was not registered
11:51:44.337 [main] DEBUG org.hibernate.engine.spi.ActionQueue - Executing identity-insert immediately
11:51:44.338 [main] DEBUG org.hibernate.SQL - insert into pos_order_item_pojo (id, orderId, productId, quantity, sellingPrice) values (null, ?, ?, ?, ?)
11:51:44.339 [main] DEBUG org.hibernate.id.IdentifierGeneratorHelper - Natively generated identity: 36
11:51:44.339 [main] DEBUG org.hibernate.resource.jdbc.internal.ResourceRegistryStandardImpl - HHH000387: ResultSet&apos;s statement was not registered
11:51:44.339 [main] DEBUG org.hibernate.engine.spi.ActionQueue - Executing identity-insert immediately
11:51:44.339 [main] DEBUG org.hibernate.SQL - insert into pos_order_item_pojo (id, orderId, productId, quantity, sellingPrice) values (null, ?, ?, ?, ?)
11:51:44.340 [main] DEBUG org.hibernate.id.IdentifierGeneratorHelper - Natively generated identity: 37
11:51:44.340 [main] DEBUG org.hibernate.resource.jdbc.internal.ResourceRegistryStandardImpl - HHH000387: ResultSet&apos;s statement was not registered
11:51:44.340 [main] DEBUG org.hibernate.query.criteria.internal.CriteriaQueryImpl - Rendered criteria query -&gt; select generatedAlias0 from OrderItemPojo as generatedAlias0
11:51:44.340 [main] DEBUG org.hibernate.event.internal.AbstractFlushingEventListener - Processing flush-time cascades
11:51:44.341 [main] DEBUG org.hibernate.event.internal.AbstractFlushingEventListener - Dirty checking collections
11:51:44.341 [main] DEBUG org.hibernate.event.internal.AbstractFlushingEventListener - Flushed: 0 insertions, 0 updates, 0 deletions to 5 objects
11:51:44.341 [main] DEBUG org.hibernate.event.internal.AbstractFlushingEventListener - Flushed: 0 (re)creations, 0 updates, 0 removals to 0 collections
11:51:44.341 [main] DEBUG org.hibernate.internal.util.EntityPrinter - Listing entities:
11:51:44.342 [main] DEBUG org.hibernate.internal.util.EntityPrinter - pos.pojo.OrderItemPojo{sellingPrice=5.76555575E8, quantity=100514826, productId=148795486, orderId=48070591, id=36}
11:51:44.342 [main] DEBUG org.hibernate.internal.util.EntityPrinter - pos.pojo.OrderItemPojo{sellingPrice=2.49649247E8, quantity=557293253, productId=373055725, orderId=405211627, id=37}
11:51:44.342 [main] DEBUG org.hibernate.internal.util.EntityPrinter - pos.pojo.OrderItemPojo{sellingPrice=5.36388151E8, quantity=577680852, productId=481804675, orderId=587600214, id=34}
11:51:44.343 [main] DEBUG org.hibernate.internal.util.EntityPrinter - pos.pojo.OrderItemPojo{sellingPrice=5.05235531E8, quantity=58038575, productId=654615871, orderId=281027931, id=35}
11:51:44.343 [main] DEBUG org.hibernate.internal.util.EntityPrinter - pos.pojo.OrderItemPojo{sellingPrice=4.21828695E8, quantity=409477889, productId=198227924, orderId=767988189, id=33}
11:51:44.343 [main] DEBUG org.hibernate.SQL - select orderitemp0_.id as id1_2_, orderitemp0_.orderId as orderId2_2_, orderitemp0_.productId as productI3_2_, orderitemp0_.quantity as quantity4_2_, orderitemp0_.sellingPrice as sellingP5_2_ from pos_order_item_pojo orderitemp0_
11:51:44.344 [main] DEBUG org.hibernate.loader.Loader - Result set row: 0
11:51:44.344 [main] DEBUG org.hibernate.loader.Loader - Result row: EntityKey[pos.pojo.OrderItemPojo#33]
11:51:44.344 [main] DEBUG org.hibernate.loader.Loader - Result set row: 1
11:51:44.344 [main] DEBUG org.hibernate.loader.Loader - Result row: EntityKey[pos.pojo.OrderItemPojo#34]
11:51:44.344 [main] DEBUG org.hibernate.loader.Loader - Result set row: 2
11:51:44.344 [main] DEBUG org.hibernate.loader.Loader - Result row: EntityKey[pos.pojo.OrderItemPojo#35]
11:51:44.344 [main] DEBUG org.hibernate.loader.Loader - Result set row: 3
11:51:44.344 [main] DEBUG org.hibernate.loader.Loader - Result row: EntityKey[pos.pojo.OrderItemPojo#36]
11:51:44.344 [main] DEBUG org.hibernate.loader.Loader - Result set row: 4
11:51:44.344 [main] DEBUG org.hibernate.loader.Loader - Result row: EntityKey[pos.pojo.OrderItemPojo#37]
11:51:44.345 [main] DEBUG org.hibernate.query.criteria.internal.CriteriaQueryImpl - Rendered criteria query -&gt; select generatedAlias0 from OrderItemPojo as generatedAlias0 where generatedAlias0.id=37
11:51:44.345 [main] DEBUG org.hibernate.hql.internal.ast.QueryTranslatorImpl - parse() - HQL: select generatedAlias0 from pos.pojo.OrderItemPojo as generatedAlias0 where generatedAlias0.id=37
11:51:44.347 [main] DEBUG org.hibernate.hql.internal.ast.ErrorTracker - throwQueryException() : no errors
11:51:44.347 [main] DEBUG org.hibernate.hql.internal.ast.QueryTranslatorImpl - --- HQL AST ---
 \-[QUERY] Node: &apos;query&apos;
    +-[SELECT_FROM] Node: &apos;SELECT_FROM&apos;
    |  +-[FROM] Node: &apos;from&apos;
    |  |  \-[RANGE] Node: &apos;RANGE&apos;
    |  |     +-[DOT] Node: &apos;.&apos;
    |  |     |  +-[DOT] Node: &apos;.&apos;
    |  |     |  |  +-[IDENT] Node: &apos;pos&apos;
    |  |     |  |  \-[IDENT] Node: &apos;pojo&apos;
    |  |     |  \-[IDENT] Node: &apos;OrderItemPojo&apos;
    |  |     \-[ALIAS] Node: &apos;generatedAlias0&apos;
    |  \-[SELECT] Node: &apos;select&apos;
    |     \-[IDENT] Node: &apos;generatedAlias0&apos;
    \-[WHERE] Node: &apos;where&apos;
       \-[EQ] Node: &apos;=&apos;
          +-[DOT] Node: &apos;.&apos;
          |  +-[IDENT] Node: &apos;generatedAlias0&apos;
          |  \-[IDENT] Node: &apos;id&apos;
          \-[NUM_INT] Node: &apos;37&apos;

11:51:44.348 [main] DEBUG org.hibernate.hql.internal.antlr.HqlSqlBaseWalker - select &lt;&lt; begin [level=1, statement=select]
11:51:44.348 [main] DEBUG org.hibernate.hql.internal.ast.tree.FromElement - FromClause{level=1} : pos.pojo.OrderItemPojo (generatedAlias0) -&gt; orderitemp0_
11:51:44.348 [main] DEBUG org.hibernate.hql.internal.ast.tree.FromReferenceNode - Resolved : generatedAlias0 -&gt; orderitemp0_.id
11:51:44.348 [main] DEBUG org.hibernate.hql.internal.ast.tree.FromReferenceNode - Resolved : generatedAlias0 -&gt; orderitemp0_.id
11:51:44.348 [main] DEBUG org.hibernate.hql.internal.ast.tree.DotNode - getDataType() : id -&gt; org.hibernate.type.IntegerType@55de1b68
11:51:44.348 [main] DEBUG org.hibernate.hql.internal.ast.tree.FromReferenceNode - Resolved : generatedAlias0.id -&gt; orderitemp0_.id
11:51:44.348 [main] DEBUG org.hibernate.hql.internal.antlr.HqlSqlBaseWalker - select : finishing up [level=1, statement=select]
11:51:44.348 [main] DEBUG org.hibernate.hql.internal.ast.HqlSqlWalker - processQuery() :  ( SELECT ( {select clause} orderitemp0_.id ) ( FromClause{level=1} pos_order_item_pojo orderitemp0_ ) ( where ( = ( orderitemp0_.id orderitemp0_.id id ) 37 ) ) )
11:51:44.349 [main] DEBUG org.hibernate.hql.internal.ast.util.JoinProcessor - Using FROM fragment [pos_order_item_pojo orderitemp0_]
11:51:44.349 [main] DEBUG org.hibernate.hql.internal.antlr.HqlSqlBaseWalker - select &gt;&gt; end [level=1, statement=select]
11:51:44.349 [main] DEBUG org.hibernate.hql.internal.ast.QueryTranslatorImpl - --- SQL AST ---
 \-[SELECT] QueryNode: &apos;SELECT&apos;  querySpaces (pos_order_item_pojo)
    +-[SELECT_CLAUSE] SelectClause: &apos;{select clause}&apos;
    |  +-[ALIAS_REF] IdentNode: &apos;orderitemp0_.id as id1_2_&apos; {alias=generatedAlias0, className=pos.pojo.OrderItemPojo, tableAlias=orderitemp0_}
    |  \-[SQL_TOKEN] SqlFragment: &apos;orderitemp0_.orderId as orderId2_2_, orderitemp0_.productId as productI3_2_, orderitemp0_.quantity as quantity4_2_, orderitemp0_.sellingPrice as sellingP5_2_&apos;
    +-[FROM] FromClause: &apos;from&apos; FromClause{level=1, fromElementCounter=1, fromElements=1, fromElementByClassAlias=[generatedAlias0], fromElementByTableAlias=[orderitemp0_], fromElementsByPath=[], collectionJoinFromElementsByPath=[], impliedElements=[]}
    |  \-[FROM_FRAGMENT] FromElement: &apos;pos_order_item_pojo orderitemp0_&apos; FromElement{explicit,not a collection join,not a fetch join,fetch non-lazy properties,classAlias=generatedAlias0,role=null,tableName=pos_order_item_pojo,tableAlias=orderitemp0_,origin=null,columns={,className=pos.pojo.OrderItemPojo}}
    \-[WHERE] SqlNode: &apos;where&apos;
       \-[EQ] BinaryLogicOperatorNode: &apos;=&apos;
          +-[DOT] DotNode: &apos;orderitemp0_.id&apos; {propertyName=id,dereferenceType=PRIMITIVE,getPropertyPath=id,path=generatedAlias0.id,tableAlias=orderitemp0_,className=pos.pojo.OrderItemPojo,classAlias=generatedAlias0}
          |  +-[ALIAS_REF] IdentNode: &apos;orderitemp0_.id&apos; {alias=generatedAlias0, className=pos.pojo.OrderItemPojo, tableAlias=orderitemp0_}
          |  \-[IDENT] IdentNode: &apos;id&apos; {originalText=id}
          \-[NUM_INT] LiteralNode: &apos;37&apos;

11:51:44.349 [main] DEBUG org.hibernate.hql.internal.ast.ErrorTracker - throwQueryException() : no errors
11:51:44.349 [main] DEBUG org.hibernate.hql.internal.ast.QueryTranslatorImpl - HQL: select generatedAlias0 from pos.pojo.OrderItemPojo as generatedAlias0 where generatedAlias0.id=37
11:51:44.349 [main] DEBUG org.hibernate.hql.internal.ast.QueryTranslatorImpl - SQL: select orderitemp0_.id as id1_2_, orderitemp0_.orderId as orderId2_2_, orderitemp0_.productId as productI3_2_, orderitemp0_.quantity as quantity4_2_, orderitemp0_.sellingPrice as sellingP5_2_ from pos_order_item_pojo orderitemp0_ where orderitemp0_.id=37
11:51:44.349 [main] DEBUG org.hibernate.hql.internal.ast.ErrorTracker - throwQueryException() : no errors
11:51:44.349 [main] DEBUG org.hibernate.event.internal.AbstractFlushingEventListener - Processing flush-time cascades
11:51:44.350 [main] DEBUG org.hibernate.event.internal.AbstractFlushingEventListener - Dirty checking collections
11:51:44.350 [main] DEBUG org.hibernate.event.internal.AbstractFlushingEventListener - Flushed: 0 insertions, 0 updates, 0 deletions to 5 objects
11:51:44.350 [main] DEBUG org.hibernate.event.internal.AbstractFlushingEventListener - Flushed: 0 (re)creations, 0 updates, 0 removals to 0 collections
11:51:44.350 [main] DEBUG org.hibernate.internal.util.EntityPrinter - Listing entities:
11:51:44.350 [main] DEBUG org.hibernate.internal.util.EntityPrinter - pos.pojo.OrderItemPojo{sellingPrice=5.76555575E8, quantity=100514826, productId=148795486, orderId=48070591, id=36}
11:51:44.350 [main] DEBUG org.hibernate.internal.util.EntityPrinter - pos.pojo.OrderItemPojo{sellingPrice=2.49649247E8, quantity=557293253, productId=373055725, orderId=405211627, id=37}
11:51:44.350 [main] DEBUG org.hibernate.internal.util.EntityPrinter - pos.pojo.OrderItemPojo{sellingPrice=5.36388151E8, quantity=577680852, productId=481804675, orderId=587600214, id=34}
11:51:44.350 [main] DEBUG org.hibernate.internal.util.EntityPrinter - pos.pojo.OrderItemPojo{sellingPrice=5.05235531E8, quantity=58038575, productId=654615871, orderId=281027931, id=35}
11:51:44.350 [main] DEBUG org.hibernate.internal.util.EntityPrinter - pos.pojo.OrderItemPojo{sellingPrice=4.21828695E8, quantity=409477889, productId=198227924, orderId=767988189, id=33}
11:51:44.350 [main] DEBUG org.hibernate.SQL - select orderitemp0_.id as id1_2_, orderitemp0_.orderId as orderId2_2_, orderitemp0_.productId as productI3_2_, orderitemp0_.quantity as quantity4_2_, orderitemp0_.sellingPrice as sellingP5_2_ from pos_order_item_pojo orderitemp0_ where orderitemp0_.id=37
11:51:44.350 [main] DEBUG org.hibernate.loader.Loader - Result set row: 0
11:51:44.350 [main] DEBUG org.hibernate.loader.Loader - Result row: EntityKey[pos.pojo.OrderItemPojo#37]
11:51:44.351 [main] DEBUG org.hibernate.engine.transaction.internal.TransactionImpl - rolling back
</system-out>
  </testcase>
  <testcase classname="pos.services.OrderItemServiceTest" name="updateIdError" time="0.009"/>
  <testcase classname="pos.services.OrderItemServiceTest" name="updateProductNotInInvError" time="0.02"/>
  <testcase classname="pos.services.OrderItemServiceTest" name="addOrderNotExistError" time="0.015"/>
  <testcase classname="pos.services.OrderItemServiceTest" name="addOrderItemExistError" time="0.013"/>
  <testcase classname="pos.services.OrderItemServiceTest" name="addQtyError" time="0.085"/>
  <testcase classname="pos.services.OrderItemServiceTest" name="addProductNotExistError" time="0.053"/>
  <testcase classname="pos.services.OrderItemServiceTest" name="getOrderItemForOrder" time="0.052"/>
</testsuite>