<?xml version="1.0" encoding="UTF-8" ?>
<testsuite tests="19" failures="1" name="pos.services.ProductServiceTest" time="0.422" errors="0" skipped="0">
  <properties>
    <property name="idea.version" value="2022.1.4"/>
    <property name="java.runtime.name" value="Java(TM) SE Runtime Environment"/>
    <property name="sun.boot.library.path" value="/Library/Java/JavaVirtualMachines/jdk1.8.0_341.jdk/Contents/Home/jre/lib"/>
    <property name="java.vm.version" value="25.341-b10"/>
    <property name="gopherProxySet" value="false"/>
    <property name="java.vm.vendor" value="Oracle Corporation"/>
    <property name="maven.multiModuleProjectDirectory" value="/Users/rahulverma/Downloads/git/POS"/>
    <property name="java.vendor.url" value="http://java.oracle.com/"/>
    <property name="path.separator" value=":"/>
    <property name="guice.disable.misplaced.annotation.check" value="true"/>
    <property name="java.vm.name" value="Java HotSpot(TM) 64-Bit Server VM"/>
    <property name="file.encoding.pkg" value="sun.io"/>
    <property name="user.country" value="IN"/>
    <property name="sun.java.launcher" value="SUN_STANDARD"/>
    <property name="sun.os.patch.level" value="unknown"/>
    <property name="java.vm.specification.name" value="Java Virtual Machine Specification"/>
    <property name="user.dir" value="/Users/rahulverma/Downloads/git/POS"/>
    <property name="java.runtime.version" value="1.8.0_341-b10"/>
    <property name="java.awt.graphicsenv" value="sun.awt.CGraphicsEnvironment"/>
    <property name="java.endorsed.dirs" value="/Library/Java/JavaVirtualMachines/jdk1.8.0_341.jdk/Contents/Home/jre/lib/endorsed"/>
    <property name="os.arch" value="x86_64"/>
    <property name="java.io.tmpdir" value="/var/folders/_p/kyk13t9j71qbrgljkkp6k8q40000gp/T/"/>
    <property name="line.separator" value="
"/>
    <property name="java.vm.specification.vendor" value="Oracle Corporation"/>
    <property name="os.name" value="Mac OS X"/>
    <property name="maven.ext.class.path" value="/Applications/IntelliJ IDEA CE.app/Contents/plugins/maven/lib/maven-event-listener.jar"/>
    <property name="classworlds.conf" value="/Applications/IntelliJ IDEA CE.app/Contents/plugins/maven/lib/maven3/bin/m2.conf"/>
    <property name="sun.jnu.encoding" value="UTF-8"/>
    <property name="java.library.path" value="/Users/rahulverma/Library/Java/Extensions:/Library/Java/Extensions:/Network/Library/Java/Extensions:/System/Library/Java/Extensions:/usr/lib/java:."/>
    <property name="maven.conf" value="/Applications/IntelliJ IDEA CE.app/Contents/plugins/maven/lib/maven3/conf"/>
    <property name="java.specification.name" value="Java Platform API Specification"/>
    <property name="java.class.version" value="52.0"/>
    <property name="sun.management.compiler" value="HotSpot 64-Bit Tiered Compilers"/>
    <property name="os.version" value="12.4"/>
    <property name="http.nonProxyHosts" value="local|*.local|169.254/16|*.169.254/16"/>
    <property name="user.home" value="/Users/rahulverma"/>
    <property name="user.timezone" value="Asia/Kolkata"/>
    <property name="java.awt.printerjob" value="sun.lwawt.macosx.CPrinterJob"/>
    <property name="java.specification.version" value="1.8"/>
    <property name="file.encoding" value="UTF-8"/>
    <property name="user.name" value="rahulverma"/>
    <property name="java.class.path" value="/Applications/IntelliJ IDEA CE.app/Contents/plugins/maven/lib/maven3/boot/plexus-classworlds.license:/Applications/IntelliJ IDEA CE.app/Contents/plugins/maven/lib/maven3/boot/plexus-classworlds-2.6.0.jar:/Applications/IntelliJ IDEA CE.app/Contents/lib/idea_rt.jar"/>
    <property name="java.vm.specification.version" value="1.8"/>
    <property name="sun.arch.data.model" value="64"/>
    <property name="java.home" value="/Library/Java/JavaVirtualMachines/jdk1.8.0_341.jdk/Contents/Home/jre"/>
    <property name="sun.java.command" value="org.codehaus.classworlds.Launcher -Didea.version=2022.1.4 clean install jetty:run"/>
    <property name="java.specification.vendor" value="Oracle Corporation"/>
    <property name="user.language" value="en"/>
    <property name="awt.toolkit" value="sun.lwawt.macosx.LWCToolkit"/>
    <property name="java.vm.info" value="mixed mode"/>
    <property name="java.version" value="1.8.0_341"/>
    <property name="java.ext.dirs" value="/Users/rahulverma/Library/Java/Extensions:/Library/Java/JavaVirtualMachines/jdk1.8.0_341.jdk/Contents/Home/jre/lib/ext:/Library/Java/Extensions:/Network/Library/Java/Extensions:/System/Library/Java/Extensions:/usr/lib/java"/>
    <property name="sun.boot.class.path" value="/Library/Java/JavaVirtualMachines/jdk1.8.0_341.jdk/Contents/Home/jre/lib/resources.jar:/Library/Java/JavaVirtualMachines/jdk1.8.0_341.jdk/Contents/Home/jre/lib/rt.jar:/Library/Java/JavaVirtualMachines/jdk1.8.0_341.jdk/Contents/Home/jre/lib/jsse.jar:/Library/Java/JavaVirtualMachines/jdk1.8.0_341.jdk/Contents/Home/jre/lib/jce.jar:/Library/Java/JavaVirtualMachines/jdk1.8.0_341.jdk/Contents/Home/jre/lib/charsets.jar:/Library/Java/JavaVirtualMachines/jdk1.8.0_341.jdk/Contents/Home/jre/lib/jfr.jar:/Library/Java/JavaVirtualMachines/jdk1.8.0_341.jdk/Contents/Home/jre/classes"/>
    <property name="java.vendor" value="Oracle Corporation"/>
    <property name="maven.home" value="/Applications/IntelliJ IDEA CE.app/Contents/plugins/maven/lib/maven3"/>
    <property name="file.separator" value="/"/>
    <property name="java.vendor.url.bug" value="http://bugreport.sun.com/bugreport/"/>
    <property name="sun.cpu.endian" value="little"/>
    <property name="sun.io.unicode.encoding" value="UnicodeBig"/>
    <property name="socksNonProxyHosts" value="local|*.local|169.254/16|*.169.254/16"/>
    <property name="ftp.nonProxyHosts" value="local|*.local|169.254/16|*.169.254/16"/>
    <property name="sun.cpu.isalist" value=""/>
  </properties>
  <testcase classname="pos.services.ProductServiceTest" name="updateBarcodeUniqueError" time="0.049"/>
  <testcase classname="pos.services.ProductServiceTest" name="checkIfBrandExist" time="0.022"/>
  <testcase classname="pos.services.ProductServiceTest" name="bulkAddBarcodeFormatError" time="0.017"/>
  <testcase classname="pos.services.ProductServiceTest" name="addUniqueError" time="0.018"/>
  <testcase classname="pos.services.ProductServiceTest" name="getAll" time="0.053"/>
  <testcase classname="pos.services.ProductServiceTest" name="update" time="0.025"/>
  <testcase classname="pos.services.ProductServiceTest" name="bulkAddBarcodeUniqueError" time="0.017"/>
  <testcase classname="pos.services.ProductServiceTest" name="addBarcodeFormatError" time="0.02"/>
  <testcase classname="pos.services.ProductServiceTest" name="bulkAddBarcodeBrandError" time="0.006"/>
  <testcase classname="pos.services.ProductServiceTest" name="bulkAddEmptyObject" time="0.004"/>
  <testcase classname="pos.services.ProductServiceTest" name="add" time="0.009"/>
  <testcase classname="pos.services.ProductServiceTest" name="get" time="0.078">
    <failure message="expected:&lt;Optional[100030]&gt; but was:&lt;100030&gt;" type="java.lang.AssertionError">java.lang.AssertionError: expected:&lt;Optional[100030]&gt; but was:&lt;100030&gt;
	at org.junit.Assert.fail(Assert.java:88)
	at org.junit.Assert.failNotEquals(Assert.java:834)
	at org.junit.Assert.assertEquals(Assert.java:118)
	at org.junit.Assert.assertEquals(Assert.java:144)
	at pos.services.ProductServiceTest.get(ProductServiceTest.java:60)
	at sun.reflect.NativeMethodAccessorImpl.invoke0(Native Method)
	at sun.reflect.NativeMethodAccessorImpl.invoke(NativeMethodAccessorImpl.java:62)
	at sun.reflect.DelegatingMethodAccessorImpl.invoke(DelegatingMethodAccessorImpl.java:43)
	at java.lang.reflect.Method.invoke(Method.java:498)
	at org.junit.runners.model.FrameworkMethod$1.runReflectiveCall(FrameworkMethod.java:50)
	at org.junit.internal.runners.model.ReflectiveCallable.run(ReflectiveCallable.java:12)
	at org.junit.runners.model.FrameworkMethod.invokeExplosively(FrameworkMethod.java:47)
	at org.junit.internal.runners.statements.InvokeMethod.evaluate(InvokeMethod.java:17)
	at org.springframework.test.context.junit4.statements.RunBeforeTestMethodCallbacks.evaluate(RunBeforeTestMethodCallbacks.java:75)
	at org.springframework.test.context.junit4.statements.RunAfterTestMethodCallbacks.evaluate(RunAfterTestMethodCallbacks.java:86)
	at org.springframework.test.context.junit4.statements.SpringRepeat.evaluate(SpringRepeat.java:84)
	at org.junit.runners.ParentRunner.runLeaf(ParentRunner.java:325)
	at org.springframework.test.context.junit4.SpringJUnit4ClassRunner.runChild(SpringJUnit4ClassRunner.java:252)
	at org.springframework.test.context.junit4.SpringJUnit4ClassRunner.runChild(SpringJUnit4ClassRunner.java:94)
	at org.junit.runners.ParentRunner$3.run(ParentRunner.java:290)
	at org.junit.runners.ParentRunner$1.schedule(ParentRunner.java:71)
	at org.junit.runners.ParentRunner.runChildren(ParentRunner.java:288)
	at org.junit.runners.ParentRunner.access$000(ParentRunner.java:58)
	at org.junit.runners.ParentRunner$2.evaluate(ParentRunner.java:268)
	at org.springframework.test.context.junit4.statements.RunBeforeTestClassCallbacks.evaluate(RunBeforeTestClassCallbacks.java:61)
	at org.springframework.test.context.junit4.statements.RunAfterTestClassCallbacks.evaluate(RunAfterTestClassCallbacks.java:70)
	at org.junit.runners.ParentRunner.run(ParentRunner.java:363)
	at org.springframework.test.context.junit4.SpringJUnit4ClassRunner.run(SpringJUnit4ClassRunner.java:191)
	at org.apache.maven.surefire.junit4.JUnit4Provider.execute(JUnit4Provider.java:252)
	at org.apache.maven.surefire.junit4.JUnit4Provider.executeTestSet(JUnit4Provider.java:141)
	at org.apache.maven.surefire.junit4.JUnit4Provider.invoke(JUnit4Provider.java:112)
	at sun.reflect.NativeMethodAccessorImpl.invoke0(Native Method)
	at sun.reflect.NativeMethodAccessorImpl.invoke(NativeMethodAccessorImpl.java:62)
	at sun.reflect.DelegatingMethodAccessorImpl.invoke(DelegatingMethodAccessorImpl.java:43)
	at java.lang.reflect.Method.invoke(Method.java:498)
	at org.apache.maven.surefire.util.ReflectionUtils.invokeMethodWithArray(ReflectionUtils.java:189)
	at org.apache.maven.surefire.booter.ProviderFactory$ProviderProxy.invoke(ProviderFactory.java:165)
	at org.apache.maven.surefire.booter.ProviderFactory.invokeProvider(ProviderFactory.java:85)
	at org.apache.maven.surefire.booter.ForkedBooter.runSuitesInProcess(ForkedBooter.java:115)
	at org.apache.maven.surefire.booter.ForkedBooter.main(ForkedBooter.java:75)
</failure>
    <system-out>11:51:43.011 [main] DEBUG org.hibernate.engine.transaction.internal.TransactionImpl - On TransactionImpl creation, JpaCompliance#isJpaTransactionComplianceEnabled == false
11:51:43.011 [main] DEBUG org.hibernate.engine.transaction.internal.TransactionImpl - begin
11:51:43.013 [main] DEBUG org.hibernate.SQL - select tbl.next_val from productGen tbl where tbl.sequence_name=? for update
11:51:43.016 [main] DEBUG org.hibernate.SQL - update productGen set next_val=?  where next_val=? and sequence_name=?
11:51:43.020 [main] DEBUG org.hibernate.event.internal.AbstractSaveEventListener - Generated identifier: 100026, using strategy: org.hibernate.id.enhanced.TableGenerator
11:51:43.023 [main] DEBUG org.hibernate.SQL - select tbl.next_val from productGen tbl where tbl.sequence_name=? for update
11:51:43.027 [main] DEBUG org.hibernate.SQL - update productGen set next_val=?  where next_val=? and sequence_name=?
11:51:43.030 [main] DEBUG org.hibernate.event.internal.AbstractSaveEventListener - Generated identifier: 100027, using strategy: org.hibernate.id.enhanced.TableGenerator
11:51:43.030 [main] DEBUG org.hibernate.SQL - select tbl.next_val from productGen tbl where tbl.sequence_name=? for update
11:51:43.033 [main] DEBUG org.hibernate.SQL - update productGen set next_val=?  where next_val=? and sequence_name=?
11:51:43.036 [main] DEBUG org.hibernate.event.internal.AbstractSaveEventListener - Generated identifier: 100028, using strategy: org.hibernate.id.enhanced.TableGenerator
11:51:43.037 [main] DEBUG org.hibernate.SQL - select tbl.next_val from productGen tbl where tbl.sequence_name=? for update
11:51:43.038 [main] DEBUG org.hibernate.SQL - update productGen set next_val=?  where next_val=? and sequence_name=?
11:51:43.038 [main] DEBUG org.hibernate.event.internal.AbstractSaveEventListener - Generated identifier: 100029, using strategy: org.hibernate.id.enhanced.TableGenerator
11:51:43.039 [main] DEBUG org.hibernate.SQL - select tbl.next_val from productGen tbl where tbl.sequence_name=? for update
11:51:43.039 [main] DEBUG org.hibernate.SQL - update productGen set next_val=?  where next_val=? and sequence_name=?
11:51:43.040 [main] DEBUG org.hibernate.event.internal.AbstractSaveEventListener - Generated identifier: 100030, using strategy: org.hibernate.id.enhanced.TableGenerator
11:51:43.040 [main] DEBUG org.hibernate.query.criteria.internal.CriteriaQueryImpl - Rendered criteria query -&gt; select generatedAlias0 from ProductPojo as generatedAlias0
11:51:43.041 [main] DEBUG org.hibernate.event.internal.AbstractFlushingEventListener - Processing flush-time cascades
11:51:43.041 [main] DEBUG org.hibernate.event.internal.AbstractFlushingEventListener - Dirty checking collections
11:51:43.042 [main] DEBUG org.hibernate.event.internal.AbstractFlushingEventListener - Flushed: 5 insertions, 0 updates, 0 deletions to 5 objects
11:51:43.042 [main] DEBUG org.hibernate.event.internal.AbstractFlushingEventListener - Flushed: 0 (re)creations, 0 updates, 0 removals to 0 collections
11:51:43.042 [main] DEBUG org.hibernate.internal.util.EntityPrinter - Listing entities:
11:51:43.042 [main] DEBUG org.hibernate.internal.util.EntityPrinter - pos.pojo.ProductPojo{brandId=0, name=tstysrhummx, mrp=16.379387912540153, id=100030, category=tstcjcwpbu1, barcode=TSTiu15cofj, brand=tstjsvuwteh}
11:51:43.042 [main] DEBUG org.hibernate.internal.util.EntityPrinter - pos.pojo.ProductPojo{brandId=14, name=tstshlx77bw, mrp=16.310326746491548, id=100029, category=tstqidk7a3g, barcode=TSTeswvssto, brand=tstv4naoe16}
11:51:43.042 [main] DEBUG org.hibernate.internal.util.EntityPrinter - pos.pojo.ProductPojo{brandId=17, name=tstnb1jxpw8, mrp=2.6913497989168746, id=100028, category=tst4qn965i5, barcode=TSTuqcjpqkq, brand=tstyvn1aex3}
11:51:43.042 [main] DEBUG org.hibernate.internal.util.EntityPrinter - pos.pojo.ProductPojo{brandId=10, name=tsto1cl7pb4, mrp=19.896885717475186, id=100027, category=tstpry44til, barcode=TSTha0y7ah0, brand=tstg5hw7duj}
11:51:43.042 [main] DEBUG org.hibernate.internal.util.EntityPrinter - pos.pojo.ProductPojo{brandId=14, name=tst15p17o1j, mrp=5.176399020868761, id=100026, category=tstvvzlwsxb, barcode=TST00hjyz3g, brand=tstbeh0vpv9}
11:51:43.043 [main] DEBUG org.hibernate.engine.spi.ActionQueue - Changes must be flushed to space: pos_product_pojo
11:51:43.043 [main] DEBUG org.hibernate.SQL - insert into pos_product_pojo (barcode, brand, brandId, category, mrp, name, id) values (?, ?, ?, ?, ?, ?, ?)
11:51:43.046 [main] DEBUG org.hibernate.SQL - insert into pos_product_pojo (barcode, brand, brandId, category, mrp, name, id) values (?, ?, ?, ?, ?, ?, ?)
11:51:43.047 [main] DEBUG org.hibernate.SQL - insert into pos_product_pojo (barcode, brand, brandId, category, mrp, name, id) values (?, ?, ?, ?, ?, ?, ?)
11:51:43.047 [main] DEBUG org.hibernate.SQL - insert into pos_product_pojo (barcode, brand, brandId, category, mrp, name, id) values (?, ?, ?, ?, ?, ?, ?)
11:51:43.050 [main] DEBUG org.hibernate.SQL - insert into pos_product_pojo (barcode, brand, brandId, category, mrp, name, id) values (?, ?, ?, ?, ?, ?, ?)
11:51:43.055 [main] DEBUG org.hibernate.SQL - select productpoj0_.id as id1_4_, productpoj0_.barcode as barcode2_4_, productpoj0_.brand as brand3_4_, productpoj0_.brandId as brandId4_4_, productpoj0_.category as category5_4_, productpoj0_.mrp as mrp6_4_, productpoj0_.name as name7_4_ from pos_product_pojo productpoj0_
11:51:43.056 [main] DEBUG org.hibernate.loader.Loader - Result set row: 0
11:51:43.056 [main] DEBUG org.hibernate.loader.Loader - Result row: EntityKey[pos.pojo.ProductPojo#100026]
11:51:43.056 [main] DEBUG org.hibernate.loader.Loader - Result set row: 1
11:51:43.056 [main] DEBUG org.hibernate.loader.Loader - Result row: EntityKey[pos.pojo.ProductPojo#100027]
11:51:43.056 [main] DEBUG org.hibernate.loader.Loader - Result set row: 2
11:51:43.057 [main] DEBUG org.hibernate.loader.Loader - Result row: EntityKey[pos.pojo.ProductPojo#100028]
11:51:43.057 [main] DEBUG org.hibernate.loader.Loader - Result set row: 3
11:51:43.057 [main] DEBUG org.hibernate.loader.Loader - Result row: EntityKey[pos.pojo.ProductPojo#100029]
11:51:43.057 [main] DEBUG org.hibernate.loader.Loader - Result set row: 4
11:51:43.057 [main] DEBUG org.hibernate.loader.Loader - Result row: EntityKey[pos.pojo.ProductPojo#100030]
11:51:43.057 [main] DEBUG org.hibernate.query.criteria.internal.CriteriaQueryImpl - Rendered criteria query -&gt; select generatedAlias0 from ProductPojo as generatedAlias0 where generatedAlias0.id=100030
11:51:43.061 [main] DEBUG org.hibernate.hql.internal.ast.QueryTranslatorImpl - parse() - HQL: select generatedAlias0 from pos.pojo.ProductPojo as generatedAlias0 where generatedAlias0.id=100030
11:51:43.062 [main] DEBUG org.hibernate.hql.internal.ast.ErrorTracker - throwQueryException() : no errors
11:51:43.063 [main] DEBUG org.hibernate.hql.internal.ast.QueryTranslatorImpl - --- HQL AST ---
 \-[QUERY] Node: &apos;query&apos;
    +-[SELECT_FROM] Node: &apos;SELECT_FROM&apos;
    |  +-[FROM] Node: &apos;from&apos;
    |  |  \-[RANGE] Node: &apos;RANGE&apos;
    |  |     +-[DOT] Node: &apos;.&apos;
    |  |     |  +-[DOT] Node: &apos;.&apos;
    |  |     |  |  +-[IDENT] Node: &apos;pos&apos;
    |  |     |  |  \-[IDENT] Node: &apos;pojo&apos;
    |  |     |  \-[IDENT] Node: &apos;ProductPojo&apos;
    |  |     \-[ALIAS] Node: &apos;generatedAlias0&apos;
    |  \-[SELECT] Node: &apos;select&apos;
    |     \-[IDENT] Node: &apos;generatedAlias0&apos;
    \-[WHERE] Node: &apos;where&apos;
       \-[EQ] Node: &apos;=&apos;
          +-[DOT] Node: &apos;.&apos;
          |  +-[IDENT] Node: &apos;generatedAlias0&apos;
          |  \-[IDENT] Node: &apos;id&apos;
          \-[NUM_INT] Node: &apos;100030&apos;

11:51:43.063 [main] DEBUG org.hibernate.hql.internal.antlr.HqlSqlBaseWalker - select &lt;&lt; begin [level=1, statement=select]
11:51:43.063 [main] DEBUG org.hibernate.hql.internal.ast.tree.FromElement - FromClause{level=1} : pos.pojo.ProductPojo (generatedAlias0) -&gt; productpoj0_
11:51:43.063 [main] DEBUG org.hibernate.hql.internal.ast.tree.FromReferenceNode - Resolved : generatedAlias0 -&gt; productpoj0_.id
11:51:43.063 [main] DEBUG org.hibernate.hql.internal.ast.tree.FromReferenceNode - Resolved : generatedAlias0 -&gt; productpoj0_.id
11:51:43.064 [main] DEBUG org.hibernate.hql.internal.ast.tree.DotNode - getDataType() : id -&gt; org.hibernate.type.IntegerType@55de1b68
11:51:43.064 [main] DEBUG org.hibernate.hql.internal.ast.tree.FromReferenceNode - Resolved : generatedAlias0.id -&gt; productpoj0_.id
11:51:43.064 [main] DEBUG org.hibernate.hql.internal.antlr.HqlSqlBaseWalker - select : finishing up [level=1, statement=select]
11:51:43.064 [main] DEBUG org.hibernate.hql.internal.ast.HqlSqlWalker - processQuery() :  ( SELECT ( {select clause} productpoj0_.id ) ( FromClause{level=1} pos_product_pojo productpoj0_ ) ( where ( = ( productpoj0_.id productpoj0_.id id ) 100030 ) ) )
11:51:43.064 [main] DEBUG org.hibernate.hql.internal.ast.util.JoinProcessor - Using FROM fragment [pos_product_pojo productpoj0_]
11:51:43.064 [main] DEBUG org.hibernate.hql.internal.antlr.HqlSqlBaseWalker - select &gt;&gt; end [level=1, statement=select]
11:51:43.064 [main] DEBUG org.hibernate.hql.internal.ast.QueryTranslatorImpl - --- SQL AST ---
 \-[SELECT] QueryNode: &apos;SELECT&apos;  querySpaces (pos_product_pojo)
    +-[SELECT_CLAUSE] SelectClause: &apos;{select clause}&apos;
    |  +-[ALIAS_REF] IdentNode: &apos;productpoj0_.id as id1_4_&apos; {alias=generatedAlias0, className=pos.pojo.ProductPojo, tableAlias=productpoj0_}
    |  \-[SQL_TOKEN] SqlFragment: &apos;productpoj0_.barcode as barcode2_4_, productpoj0_.brand as brand3_4_, productpoj0_.brandId as brandId4_4_, productpoj0_.category as category5_4_, productpoj0_.mrp as mrp6_4_, productpoj0_.name as name7_4_&apos;
    +-[FROM] FromClause: &apos;from&apos; FromClause{level=1, fromElementCounter=1, fromElements=1, fromElementByClassAlias=[generatedAlias0], fromElementByTableAlias=[productpoj0_], fromElementsByPath=[], collectionJoinFromElementsByPath=[], impliedElements=[]}
    |  \-[FROM_FRAGMENT] FromElement: &apos;pos_product_pojo productpoj0_&apos; FromElement{explicit,not a collection join,not a fetch join,fetch non-lazy properties,classAlias=generatedAlias0,role=null,tableName=pos_product_pojo,tableAlias=productpoj0_,origin=null,columns={,className=pos.pojo.ProductPojo}}
    \-[WHERE] SqlNode: &apos;where&apos;
       \-[EQ] BinaryLogicOperatorNode: &apos;=&apos;
          +-[DOT] DotNode: &apos;productpoj0_.id&apos; {propertyName=id,dereferenceType=PRIMITIVE,getPropertyPath=id,path=generatedAlias0.id,tableAlias=productpoj0_,className=pos.pojo.ProductPojo,classAlias=generatedAlias0}
          |  +-[ALIAS_REF] IdentNode: &apos;productpoj0_.id&apos; {alias=generatedAlias0, className=pos.pojo.ProductPojo, tableAlias=productpoj0_}
          |  \-[IDENT] IdentNode: &apos;id&apos; {originalText=id}
          \-[NUM_INT] LiteralNode: &apos;100030&apos;

11:51:43.064 [main] DEBUG org.hibernate.hql.internal.ast.ErrorTracker - throwQueryException() : no errors
11:51:43.064 [main] DEBUG org.hibernate.hql.internal.ast.QueryTranslatorImpl - HQL: select generatedAlias0 from pos.pojo.ProductPojo as generatedAlias0 where generatedAlias0.id=100030
11:51:43.064 [main] DEBUG org.hibernate.hql.internal.ast.QueryTranslatorImpl - SQL: select productpoj0_.id as id1_4_, productpoj0_.barcode as barcode2_4_, productpoj0_.brand as brand3_4_, productpoj0_.brandId as brandId4_4_, productpoj0_.category as category5_4_, productpoj0_.mrp as mrp6_4_, productpoj0_.name as name7_4_ from pos_product_pojo productpoj0_ where productpoj0_.id=100030
11:51:43.064 [main] DEBUG org.hibernate.hql.internal.ast.ErrorTracker - throwQueryException() : no errors
11:51:43.066 [main] DEBUG org.hibernate.event.internal.AbstractFlushingEventListener - Processing flush-time cascades
11:51:43.066 [main] DEBUG org.hibernate.event.internal.AbstractFlushingEventListener - Dirty checking collections
11:51:43.068 [main] DEBUG org.hibernate.event.internal.AbstractFlushingEventListener - Flushed: 0 insertions, 0 updates, 0 deletions to 5 objects
11:51:43.068 [main] DEBUG org.hibernate.event.internal.AbstractFlushingEventListener - Flushed: 0 (re)creations, 0 updates, 0 removals to 0 collections
11:51:43.068 [main] DEBUG org.hibernate.internal.util.EntityPrinter - Listing entities:
11:51:43.068 [main] DEBUG org.hibernate.internal.util.EntityPrinter - pos.pojo.ProductPojo{brandId=0, name=tstysrhummx, mrp=16.379387912540153, id=100030, category=tstcjcwpbu1, barcode=TSTiu15cofj, brand=tstjsvuwteh}
11:51:43.069 [main] DEBUG org.hibernate.internal.util.EntityPrinter - pos.pojo.ProductPojo{brandId=14, name=tstshlx77bw, mrp=16.310326746491548, id=100029, category=tstqidk7a3g, barcode=TSTeswvssto, brand=tstv4naoe16}
11:51:43.069 [main] DEBUG org.hibernate.internal.util.EntityPrinter - pos.pojo.ProductPojo{brandId=17, name=tstnb1jxpw8, mrp=2.6913497989168746, id=100028, category=tst4qn965i5, barcode=TSTuqcjpqkq, brand=tstyvn1aex3}
11:51:43.069 [main] DEBUG org.hibernate.internal.util.EntityPrinter - pos.pojo.ProductPojo{brandId=10, name=tsto1cl7pb4, mrp=19.896885717475186, id=100027, category=tstpry44til, barcode=TSTha0y7ah0, brand=tstg5hw7duj}
11:51:43.069 [main] DEBUG org.hibernate.internal.util.EntityPrinter - pos.pojo.ProductPojo{brandId=14, name=tst15p17o1j, mrp=5.176399020868761, id=100026, category=tstvvzlwsxb, barcode=TST00hjyz3g, brand=tstbeh0vpv9}
11:51:43.069 [main] DEBUG org.hibernate.SQL - select productpoj0_.id as id1_4_, productpoj0_.barcode as barcode2_4_, productpoj0_.brand as brand3_4_, productpoj0_.brandId as brandId4_4_, productpoj0_.category as category5_4_, productpoj0_.mrp as mrp6_4_, productpoj0_.name as name7_4_ from pos_product_pojo productpoj0_ where productpoj0_.id=100030
11:51:43.071 [main] DEBUG org.hibernate.loader.Loader - Result set row: 0
11:51:43.071 [main] DEBUG org.hibernate.loader.Loader - Result row: EntityKey[pos.pojo.ProductPojo#100030]
11:51:43.073 [main] DEBUG org.hibernate.engine.transaction.internal.TransactionImpl - rolling back
</system-out>
  </testcase>
  <testcase classname="pos.services.ProductServiceTest" name="updateBarcodeSyntaxError" time="0.024"/>
  <testcase classname="pos.services.ProductServiceTest" name="updateBrandError" time="0.02"/>
  <testcase classname="pos.services.ProductServiceTest" name="updateNotInPojoError" time="0.03"/>
  <testcase classname="pos.services.ProductServiceTest" name="bulkAdd" time="0.015"/>
  <testcase classname="pos.services.ProductServiceTest" name="addBrandError" time="0.009"/>
  <testcase classname="pos.services.ProductServiceTest" name="updateEmptyBodyError" time="0.003"/>
  <testcase classname="pos.services.ProductServiceTest" name="addEmptyObject" time="0.003"/>
</testsuite>